[debug] [2023-07-09T08:26:58.806Z] ----------------------------------------------------------------------
[debug] [2023-07-09T08:26:58.808Z] Command:       C:\Program Files\nodejs\node.exe C:\Program Files\nodejs\node_modules\firebase-tools\lib\bin\firebase.js init
[debug] [2023-07-09T08:26:58.809Z] CLI Version:   11.25.3
[debug] [2023-07-09T08:26:58.809Z] Platform:      win32
[debug] [2023-07-09T08:26:58.809Z] Node Version:  v18.15.0
[debug] [2023-07-09T08:26:58.810Z] Time:          Sun Jul 09 2023 04:26:58 GMT-0400 (heure d’été de l’Est nord-américain)
[debug] [2023-07-09T08:26:58.811Z] ----------------------------------------------------------------------
[debug] 
[debug] [2023-07-09T08:26:58.821Z] > command requires scopes: ["email","openid","https://www.googleapis.com/auth/cloudplatformprojects.readonly","https://www.googleapis.com/auth/firebase","https://www.googleapis.com/auth/cloud-platform"]
[debug] [2023-07-09T08:26:58.822Z] > authorizing via signed-in user (nosby2007@gmail.com)
[info] 
     ######## #### ########  ######## ########     ###     ######  ########
     ##        ##  ##     ## ##       ##     ##  ##   ##  ##       ##
     ######    ##  ########  ######   ########  #########  ######  ######
     ##        ##  ##    ##  ##       ##     ## ##     ##       ## ##
     ##       #### ##     ## ######## ########  ##     ##  ######  ########

You're about to initialize a Firebase project in this directory:

  C:\Users\Administrateur\Desktop\system-OPMS-main

[info] 
=== Project Setup
[info] 
[info] First, let's associate this project directory with a Firebase project.
[info] You can create multiple project aliases by running firebase use --add, 
[info] but for now we'll just set up a default project.
[info] 
[debug] [2023-07-09T08:28:49.016Z] >>> [apiv2][query] GET https://firebase.googleapis.com/v1beta1/projects pageSize=100
[debug] [2023-07-09T08:28:49.885Z] <<< [apiv2][status] GET https://firebase.googleapis.com/v1beta1/projects 200
[debug] [2023-07-09T08:28:49.885Z] <<< [apiv2][body] GET https://firebase.googleapis.com/v1beta1/projects [omitted]
